<?xml version="1.0" encoding="UTF-8"?>
<testng-results skipped="0" failed="0" total="1" passed="1">
  <reporter-output>
  </reporter-output>
  <suite name="Default suite" duration-ms="693" started-at="2016-02-26T13:06:09Z" finished-at="2016-02-26T13:06:10Z">
    <groups>
    </groups>
    <test name="Default test" duration-ms="693" started-at="2016-02-26T13:06:09Z" finished-at="2016-02-26T13:06:10Z">
      <class name="com.softserve.rest.client.BookClientRESTTest">
        <test-method status="PASS" signature="setUp()[pri:0, instance:com.softserve.rest.client.BookClientRESTTest@6b143ee9]" name="setUp" is-config="true" duration-ms="369" started-at="2016-02-26T15:06:09Z" finished-at="2016-02-26T15:06:10Z">
          <reporter-output>
          </reporter-output>
        </test-method> <!-- setUp -->
        <test-method status="PASS" signature="findBook()[pri:0, instance:com.softserve.rest.client.BookClientRESTTest@6b143ee9]" name="findBook" duration-ms="315" started-at="2016-02-26T15:06:10Z" finished-at="2016-02-26T15:06:10Z">
          <reporter-output>
          </reporter-output>
        </test-method> <!-- findBook -->
      </class> <!-- com.softserve.rest.client.BookClientRESTTest -->
    </test> <!-- Default test -->
  </suite> <!-- Default suite -->
</testng-results>
