<?xml version="1.0" encoding="UTF-8"?>
<testng-results skipped="0" failed="0" total="7" passed="7">
  <reporter-output>
  </reporter-output>
  <suite name="Suite" duration-ms="36186" started-at="2016-02-26T13:21:24Z" finished-at="2016-02-26T13:22:00Z">
    <groups>
    </groups>
    <test name="Nopackage" duration-ms="36186" started-at="2016-02-26T13:21:24Z" finished-at="2016-02-26T13:22:00Z">
      <class name="com.softserve.manager.test.BookTest">
        <test-method status="PASS" signature="arquillianBeforeClass()[pri:0, instance:com.softserve.manager.test.BookTest@6eebc39e]" name="arquillianBeforeClass" is-config="true" duration-ms="9566" started-at="2016-02-26T15:21:36Z" finished-at="2016-02-26T15:21:46Z">
          <reporter-output>
          </reporter-output>
        </test-method> <!-- arquillianBeforeClass -->
        <test-method status="PASS" signature="create()[pri:0, instance:com.softserve.manager.test.BookTest@6eebc39e]" name="create" duration-ms="995" started-at="2016-02-26T15:21:46Z" finished-at="2016-02-26T15:21:47Z">
          <reporter-output>
          </reporter-output>
        </test-method> <!-- create -->
        <test-method status="PASS" signature="arquillianBeforeTest(java.lang.reflect.Method)[pri:0, instance:com.softserve.manager.test.BookTest@6eebc39e]" name="arquillianBeforeTest" is-config="true" duration-ms="0" started-at="2016-02-26T15:21:46Z" finished-at="2016-02-26T15:21:46Z">
          <params>
            <param index="0">
              <value>
                <![CDATA[public void com.softserve.manager.test.BookTest.create()]]>
              </value>
            </param>
          </params>
          <reporter-output>
          </reporter-output>
        </test-method> <!-- arquillianBeforeTest -->
        <test-method status="PASS" signature="arquillianAfterTest(java.lang.reflect.Method)[pri:0, instance:com.softserve.manager.test.BookTest@6eebc39e]" name="arquillianAfterTest" is-config="true" duration-ms="1" started-at="2016-02-26T15:21:47Z" finished-at="2016-02-26T15:21:47Z">
          <params>
            <param index="0">
              <value>
                <![CDATA[public void com.softserve.manager.test.BookTest.create()]]>
              </value>
            </param>
          </params>
          <reporter-output>
          </reporter-output>
        </test-method> <!-- arquillianAfterTest -->
        <test-method status="PASS" signature="arquillianBeforeTest(java.lang.reflect.Method)[pri:0, instance:com.softserve.manager.test.BookTest@6eebc39e]" name="arquillianBeforeTest" is-config="true" duration-ms="1" started-at="2016-02-26T15:21:47Z" finished-at="2016-02-26T15:21:47Z">
          <params>
            <param index="0">
              <value>
                <![CDATA[public void com.softserve.manager.test.BookTest.remove()]]>
              </value>
            </param>
          </params>
          <reporter-output>
          </reporter-output>
        </test-method> <!-- arquillianBeforeTest -->
        <test-method status="PASS" signature="remove()[pri:0, instance:com.softserve.manager.test.BookTest@6eebc39e]" name="remove" duration-ms="361" started-at="2016-02-26T15:21:47Z" finished-at="2016-02-26T15:21:47Z">
          <reporter-output>
          </reporter-output>
        </test-method> <!-- remove -->
        <test-method status="PASS" signature="arquillianAfterTest(java.lang.reflect.Method)[pri:0, instance:com.softserve.manager.test.BookTest@6eebc39e]" name="arquillianAfterTest" is-config="true" duration-ms="3" started-at="2016-02-26T15:21:47Z" finished-at="2016-02-26T15:21:47Z">
          <params>
            <param index="0">
              <value>
                <![CDATA[public void com.softserve.manager.test.BookTest.remove()]]>
              </value>
            </param>
          </params>
          <reporter-output>
          </reporter-output>
        </test-method> <!-- arquillianAfterTest -->
        <test-method status="PASS" signature="arquillianBeforeTest(java.lang.reflect.Method)[pri:0, instance:com.softserve.manager.test.BookTest@6eebc39e]" name="arquillianBeforeTest" is-config="true" duration-ms="2" started-at="2016-02-26T15:21:47Z" finished-at="2016-02-26T15:21:47Z">
          <params>
            <param index="0">
              <value>
                <![CDATA[public void com.softserve.manager.test.BookTest.update()]]>
              </value>
            </param>
          </params>
          <reporter-output>
          </reporter-output>
        </test-method> <!-- arquillianBeforeTest -->
        <test-method status="PASS" signature="update()[pri:0, instance:com.softserve.manager.test.BookTest@6eebc39e]" name="update" duration-ms="254" started-at="2016-02-26T15:21:47Z" finished-at="2016-02-26T15:21:47Z">
          <reporter-output>
          </reporter-output>
        </test-method> <!-- update -->
        <test-method status="PASS" signature="arquillianAfterTest(java.lang.reflect.Method)[pri:0, instance:com.softserve.manager.test.BookTest@6eebc39e]" name="arquillianAfterTest" is-config="true" duration-ms="1" started-at="2016-02-26T15:21:47Z" finished-at="2016-02-26T15:21:47Z">
          <params>
            <param index="0">
              <value>
                <![CDATA[public void com.softserve.manager.test.BookTest.update()]]>
              </value>
            </param>
          </params>
          <reporter-output>
          </reporter-output>
        </test-method> <!-- arquillianAfterTest -->
        <test-method status="PASS" signature="arquillianAfterClass()[pri:0, instance:com.softserve.manager.test.BookTest@6eebc39e]" name="arquillianAfterClass" is-config="true" duration-ms="1488" started-at="2016-02-26T15:21:47Z" finished-at="2016-02-26T15:21:49Z">
          <reporter-output>
          </reporter-output>
        </test-method> <!-- arquillianAfterClass -->
      </class> <!-- com.softserve.manager.test.BookTest -->
      <class name="com.softserve.manager.test.AuthorTest">
        <test-method status="PASS" signature="arquillianBeforeSuite()[pri:0, instance:com.softserve.manager.test.AuthorTest@4dfa3a9d]" name="arquillianBeforeSuite" is-config="true" duration-ms="327" started-at="2016-02-26T15:21:23Z" finished-at="2016-02-26T15:21:24Z">
          <reporter-output>
          </reporter-output>
        </test-method> <!-- arquillianBeforeSuite -->
        <test-method status="PASS" signature="arquillianBeforeClass()[pri:0, instance:com.softserve.manager.test.AuthorTest@4dfa3a9d]" name="arquillianBeforeClass" is-config="true" duration-ms="9257" started-at="2016-02-26T15:21:24Z" finished-at="2016-02-26T15:21:33Z">
          <reporter-output>
          </reporter-output>
        </test-method> <!-- arquillianBeforeClass -->
        <test-method status="PASS" signature="arquillianBeforeTest(java.lang.reflect.Method)[pri:0, instance:com.softserve.manager.test.AuthorTest@4dfa3a9d]" name="arquillianBeforeTest" is-config="true" duration-ms="3" started-at="2016-02-26T15:21:33Z" finished-at="2016-02-26T15:21:33Z">
          <params>
            <param index="0">
              <value>
                <![CDATA[public void com.softserve.manager.test.AuthorTest.remove()]]>
              </value>
            </param>
          </params>
          <reporter-output>
          </reporter-output>
        </test-method> <!-- arquillianBeforeTest -->
        <test-method status="PASS" signature="remove()[pri:0, instance:com.softserve.manager.test.AuthorTest@4dfa3a9d]" name="remove" duration-ms="1189" started-at="2016-02-26T15:21:33Z" finished-at="2016-02-26T15:21:34Z">
          <reporter-output>
          </reporter-output>
        </test-method> <!-- remove -->
        <test-method status="PASS" signature="arquillianAfterTest(java.lang.reflect.Method)[pri:0, instance:com.softserve.manager.test.AuthorTest@4dfa3a9d]" name="arquillianAfterTest" is-config="true" duration-ms="4" started-at="2016-02-26T15:21:34Z" finished-at="2016-02-26T15:21:34Z">
          <params>
            <param index="0">
              <value>
                <![CDATA[public void com.softserve.manager.test.AuthorTest.remove()]]>
              </value>
            </param>
          </params>
          <reporter-output>
          </reporter-output>
        </test-method> <!-- arquillianAfterTest -->
        <test-method status="PASS" signature="arquillianBeforeTest(java.lang.reflect.Method)[pri:0, instance:com.softserve.manager.test.AuthorTest@4dfa3a9d]" name="arquillianBeforeTest" is-config="true" duration-ms="1" started-at="2016-02-26T15:21:34Z" finished-at="2016-02-26T15:21:34Z">
          <params>
            <param index="0">
              <value>
                <![CDATA[public void com.softserve.manager.test.AuthorTest.update()]]>
              </value>
            </param>
          </params>
          <reporter-output>
          </reporter-output>
        </test-method> <!-- arquillianBeforeTest -->
        <test-method status="PASS" signature="update()[pri:0, instance:com.softserve.manager.test.AuthorTest@4dfa3a9d]" name="update" duration-ms="330" started-at="2016-02-26T15:21:34Z" finished-at="2016-02-26T15:21:34Z">
          <reporter-output>
          </reporter-output>
        </test-method> <!-- update -->
        <test-method status="PASS" signature="arquillianAfterTest(java.lang.reflect.Method)[pri:0, instance:com.softserve.manager.test.AuthorTest@4dfa3a9d]" name="arquillianAfterTest" is-config="true" duration-ms="1" started-at="2016-02-26T15:21:34Z" finished-at="2016-02-26T15:21:34Z">
          <params>
            <param index="0">
              <value>
                <![CDATA[public void com.softserve.manager.test.AuthorTest.update()]]>
              </value>
            </param>
          </params>
          <reporter-output>
          </reporter-output>
        </test-method> <!-- arquillianAfterTest -->
        <test-method status="PASS" signature="arquillianAfterClass()[pri:0, instance:com.softserve.manager.test.AuthorTest@4dfa3a9d]" name="arquillianAfterClass" is-config="true" duration-ms="1636" started-at="2016-02-26T15:21:34Z" finished-at="2016-02-26T15:21:36Z">
          <reporter-output>
          </reporter-output>
        </test-method> <!-- arquillianAfterClass -->
        <test-method status="PASS" signature="arquillianAfterSuite()[pri:0, instance:com.softserve.manager.test.AuthorTest@4dfa3a9d]" name="arquillianAfterSuite" is-config="true" duration-ms="18" started-at="2016-02-26T15:22:00Z" finished-at="2016-02-26T15:22:00Z">
          <reporter-output>
          </reporter-output>
        </test-method> <!-- arquillianAfterSuite -->
      </class> <!-- com.softserve.manager.test.AuthorTest -->
      <class name="com.softserve.manager.test.ReviewTest">
        <test-method status="PASS" signature="arquillianBeforeClass()[pri:0, instance:com.softserve.manager.test.ReviewTest@464bee09]" name="arquillianBeforeClass" is-config="true" duration-ms="7736" started-at="2016-02-26T15:21:49Z" finished-at="2016-02-26T15:21:57Z">
          <reporter-output>
          </reporter-output>
        </test-method> <!-- arquillianBeforeClass -->
        <test-method status="PASS" signature="arquillianBeforeTest(java.lang.reflect.Method)[pri:0, instance:com.softserve.manager.test.ReviewTest@464bee09]" name="arquillianBeforeTest" is-config="true" duration-ms="1" started-at="2016-02-26T15:21:57Z" finished-at="2016-02-26T15:21:57Z">
          <params>
            <param index="0">
              <value>
                <![CDATA[public void com.softserve.manager.test.ReviewTest.remove()]]>
              </value>
            </param>
          </params>
          <reporter-output>
          </reporter-output>
        </test-method> <!-- arquillianBeforeTest -->
        <test-method status="PASS" signature="remove()[pri:0, instance:com.softserve.manager.test.ReviewTest@464bee09]" name="remove" duration-ms="659" started-at="2016-02-26T15:21:57Z" finished-at="2016-02-26T15:21:57Z">
          <reporter-output>
          </reporter-output>
        </test-method> <!-- remove -->
        <test-method status="PASS" signature="arquillianAfterTest(java.lang.reflect.Method)[pri:0, instance:com.softserve.manager.test.ReviewTest@464bee09]" name="arquillianAfterTest" is-config="true" duration-ms="2" started-at="2016-02-26T15:21:57Z" finished-at="2016-02-26T15:21:57Z">
          <params>
            <param index="0">
              <value>
                <![CDATA[public void com.softserve.manager.test.ReviewTest.remove()]]>
              </value>
            </param>
          </params>
          <reporter-output>
          </reporter-output>
        </test-method> <!-- arquillianAfterTest -->
        <test-method status="PASS" signature="arquillianBeforeTest(java.lang.reflect.Method)[pri:0, instance:com.softserve.manager.test.ReviewTest@464bee09]" name="arquillianBeforeTest" is-config="true" duration-ms="1" started-at="2016-02-26T15:21:57Z" finished-at="2016-02-26T15:21:57Z">
          <params>
            <param index="0">
              <value>
                <![CDATA[public void com.softserve.manager.test.ReviewTest.update()]]>
              </value>
            </param>
          </params>
          <reporter-output>
          </reporter-output>
        </test-method> <!-- arquillianBeforeTest -->
        <test-method status="PASS" signature="update()[pri:0, instance:com.softserve.manager.test.ReviewTest@464bee09]" name="update" duration-ms="252" started-at="2016-02-26T15:21:57Z" finished-at="2016-02-26T15:21:57Z">
          <reporter-output>
          </reporter-output>
        </test-method> <!-- update -->
        <test-method status="PASS" signature="arquillianAfterTest(java.lang.reflect.Method)[pri:0, instance:com.softserve.manager.test.ReviewTest@464bee09]" name="arquillianAfterTest" is-config="true" duration-ms="1" started-at="2016-02-26T15:21:57Z" finished-at="2016-02-26T15:21:57Z">
          <params>
            <param index="0">
              <value>
                <![CDATA[public void com.softserve.manager.test.ReviewTest.update()]]>
              </value>
            </param>
          </params>
          <reporter-output>
          </reporter-output>
        </test-method> <!-- arquillianAfterTest -->
        <test-method status="PASS" signature="arquillianAfterClass()[pri:0, instance:com.softserve.manager.test.ReviewTest@464bee09]" name="arquillianAfterClass" is-config="true" duration-ms="2431" started-at="2016-02-26T15:21:57Z" finished-at="2016-02-26T15:22:00Z">
          <reporter-output>
          </reporter-output>
        </test-method> <!-- arquillianAfterClass -->
      </class> <!-- com.softserve.manager.test.ReviewTest -->
    </test> <!-- Nopackage -->
  </suite> <!-- Suite -->
</testng-results>
