<?xml version="1.0" encoding="UTF-8"?>
<testng-results skipped="0" failed="0" total="0" passed="0">
  <reporter-output>
  </reporter-output>
  <suite name="com.softserve.rest.client.BookClientRESTTest" duration-ms="1" started-at="2016-02-26T13:28:31Z" finished-at="2016-02-26T13:28:31Z">
    <groups>
    </groups>
    <test name="Command line test" duration-ms="1" started-at="2016-02-26T13:28:31Z" finished-at="2016-02-26T13:28:31Z">
    </test> <!-- Command line test -->
  </suite> <!-- com.softserve.rest.client.BookClientRESTTest -->
</testng-results>
