<?xml version="1.0" encoding="UTF-8"?>
<!-- Generated by org.testng.reporters.JUnitXMLReporter -->
<testsuite hostname="HEMSEY" name="Nopackage" tests="6" failures="0" timestamp="24 Feb 2016 17:32:41 GMT" time="35.662" errors="0">
  <testcase name="remove" time="1.023" classname="com.softserve.manager.test.AuthorTest"/>
  <testcase name="update" time="0.268" classname="com.softserve.manager.test.AuthorTest"/>
  <testcase name="remove" time="0.592" classname="com.softserve.manager.test.BookTest"/>
  <testcase name="update" time="0.378" classname="com.softserve.manager.test.BookTest"/>
  <testcase name="remove" time="0.504" classname="com.softserve.manager.test.ReviewTest"/>
  <testcase name="update" time="0.282" classname="com.softserve.manager.test.ReviewTest"/>
</testsuite> <!-- Nopackage -->
