<?xml version="1.0" encoding="UTF-8"?>
<testng-results skipped="0" failed="0" total="3" passed="3">
  <reporter-output>
  </reporter-output>
  <suite name="Default suite" duration-ms="12763" started-at="2016-02-26T16:46:13Z" finished-at="2016-02-26T16:46:26Z">
    <groups>
    </groups>
    <test name="Default test" duration-ms="12763" started-at="2016-02-26T16:46:13Z" finished-at="2016-02-26T16:46:26Z">
      <class name="com.softserve.manager.test.BookTest">
        <test-method status="PASS" signature="arquillianBeforeSuite()[pri:0, instance:com.softserve.manager.test.BookTest@36d4b5c]" name="arquillianBeforeSuite" is-config="true" duration-ms="3878" started-at="2016-02-26T18:46:09Z" finished-at="2016-02-26T18:46:13Z">
          <reporter-output>
          </reporter-output>
        </test-method> <!-- arquillianBeforeSuite -->
        <test-method status="PASS" signature="arquillianBeforeClass()[pri:0, instance:com.softserve.manager.test.BookTest@36d4b5c]" name="arquillianBeforeClass" is-config="true" duration-ms="9615" started-at="2016-02-26T18:46:13Z" finished-at="2016-02-26T18:46:23Z">
          <reporter-output>
          </reporter-output>
        </test-method> <!-- arquillianBeforeClass -->
        <test-method status="PASS" signature="arquillianBeforeTest(java.lang.reflect.Method)[pri:0, instance:com.softserve.manager.test.BookTest@36d4b5c]" name="arquillianBeforeTest" is-config="true" duration-ms="3" started-at="2016-02-26T18:46:23Z" finished-at="2016-02-26T18:46:23Z">
          <params>
            <param index="0">
              <value>
                <![CDATA[public void com.softserve.manager.test.BookTest.create()]]>
              </value>
            </param>
          </params>
          <reporter-output>
          </reporter-output>
        </test-method> <!-- arquillianBeforeTest -->
        <test-method status="PASS" signature="create()[pri:0, instance:com.softserve.manager.test.BookTest@36d4b5c]" name="create" duration-ms="1027" started-at="2016-02-26T18:46:23Z" finished-at="2016-02-26T18:46:24Z">
          <reporter-output>
          </reporter-output>
        </test-method> <!-- create -->
        <test-method status="PASS" signature="arquillianAfterTest(java.lang.reflect.Method)[pri:0, instance:com.softserve.manager.test.BookTest@36d4b5c]" name="arquillianAfterTest" is-config="true" duration-ms="3" started-at="2016-02-26T18:46:24Z" finished-at="2016-02-26T18:46:24Z">
          <params>
            <param index="0">
              <value>
                <![CDATA[public void com.softserve.manager.test.BookTest.create()]]>
              </value>
            </param>
          </params>
          <reporter-output>
          </reporter-output>
        </test-method> <!-- arquillianAfterTest -->
        <test-method status="PASS" signature="arquillianBeforeTest(java.lang.reflect.Method)[pri:0, instance:com.softserve.manager.test.BookTest@36d4b5c]" name="arquillianBeforeTest" is-config="true" duration-ms="1" started-at="2016-02-26T18:46:24Z" finished-at="2016-02-26T18:46:24Z">
          <params>
            <param index="0">
              <value>
                <![CDATA[public void com.softserve.manager.test.BookTest.remove()]]>
              </value>
            </param>
          </params>
          <reporter-output>
          </reporter-output>
        </test-method> <!-- arquillianBeforeTest -->
        <test-method status="PASS" signature="remove()[pri:0, instance:com.softserve.manager.test.BookTest@36d4b5c]" name="remove" duration-ms="368" started-at="2016-02-26T18:46:24Z" finished-at="2016-02-26T18:46:24Z">
          <reporter-output>
          </reporter-output>
        </test-method> <!-- remove -->
        <test-method status="PASS" signature="arquillianAfterTest(java.lang.reflect.Method)[pri:0, instance:com.softserve.manager.test.BookTest@36d4b5c]" name="arquillianAfterTest" is-config="true" duration-ms="1" started-at="2016-02-26T18:46:24Z" finished-at="2016-02-26T18:46:24Z">
          <params>
            <param index="0">
              <value>
                <![CDATA[public void com.softserve.manager.test.BookTest.remove()]]>
              </value>
            </param>
          </params>
          <reporter-output>
          </reporter-output>
        </test-method> <!-- arquillianAfterTest -->
        <test-method status="PASS" signature="arquillianBeforeTest(java.lang.reflect.Method)[pri:0, instance:com.softserve.manager.test.BookTest@36d4b5c]" name="arquillianBeforeTest" is-config="true" duration-ms="1" started-at="2016-02-26T18:46:24Z" finished-at="2016-02-26T18:46:24Z">
          <params>
            <param index="0">
              <value>
                <![CDATA[public void com.softserve.manager.test.BookTest.update()]]>
              </value>
            </param>
          </params>
          <reporter-output>
          </reporter-output>
        </test-method> <!-- arquillianBeforeTest -->
        <test-method status="PASS" signature="update()[pri:0, instance:com.softserve.manager.test.BookTest@36d4b5c]" name="update" duration-ms="244" started-at="2016-02-26T18:46:24Z" finished-at="2016-02-26T18:46:25Z">
          <reporter-output>
          </reporter-output>
        </test-method> <!-- update -->
        <test-method status="PASS" signature="arquillianAfterTest(java.lang.reflect.Method)[pri:0, instance:com.softserve.manager.test.BookTest@36d4b5c]" name="arquillianAfterTest" is-config="true" duration-ms="1" started-at="2016-02-26T18:46:25Z" finished-at="2016-02-26T18:46:25Z">
          <params>
            <param index="0">
              <value>
                <![CDATA[public void com.softserve.manager.test.BookTest.update()]]>
              </value>
            </param>
          </params>
          <reporter-output>
          </reporter-output>
        </test-method> <!-- arquillianAfterTest -->
        <test-method status="PASS" signature="arquillianAfterClass()[pri:0, instance:com.softserve.manager.test.BookTest@36d4b5c]" name="arquillianAfterClass" is-config="true" duration-ms="1490" started-at="2016-02-26T18:46:25Z" finished-at="2016-02-26T18:46:26Z">
          <reporter-output>
          </reporter-output>
        </test-method> <!-- arquillianAfterClass -->
        <test-method status="PASS" signature="arquillianAfterSuite()[pri:0, instance:com.softserve.manager.test.BookTest@36d4b5c]" name="arquillianAfterSuite" is-config="true" duration-ms="120" started-at="2016-02-26T18:46:26Z" finished-at="2016-02-26T18:46:26Z">
          <reporter-output>
          </reporter-output>
        </test-method> <!-- arquillianAfterSuite -->
      </class> <!-- com.softserve.manager.test.BookTest -->
    </test> <!-- Default test -->
  </suite> <!-- Default suite -->
</testng-results>
