<?xml version="1.0" encoding="UTF-8"?>
<!-- Generated by org.testng.reporters.JUnitXMLReporter -->
<testsuite hostname="HEMSEY" name="Nopackage" tests="9" failures="0" timestamp="26 Feb 2016 14:04:25 GMT" time="36.958" errors="0">
  <testcase name="create" time="1.487" classname="com.softserve.manager.test.AuthorTest"/>
  <testcase name="remove" time="0.49" classname="com.softserve.manager.test.AuthorTest"/>
  <testcase name="update" time="0.295" classname="com.softserve.manager.test.AuthorTest"/>
  <testcase name="create" time="0.625" classname="com.softserve.manager.test.BookTest"/>
  <testcase name="remove" time="0.156" classname="com.softserve.manager.test.BookTest"/>
  <testcase name="update" time="0.201" classname="com.softserve.manager.test.BookTest"/>
  <testcase name="create" time="0.886" classname="com.softserve.manager.test.ReviewTest"/>
  <testcase name="remove" time="0.255" classname="com.softserve.manager.test.ReviewTest"/>
  <testcase name="update" time="0.214" classname="com.softserve.manager.test.ReviewTest"/>
</testsuite> <!-- Nopackage -->
