<?xml version="1.0" encoding="UTF-8"?>
<!-- Generated by org.testng.reporters.JUnitXMLReporter -->
<testsuite hostname="HEMSEY" name="Default test" tests="3" failures="0" timestamp="26 Feb 2016 16:46:26 GMT" time="12.763" errors="0">
  <testcase name="create" time="1.027" classname="com.softserve.manager.test.BookTest"/>
  <testcase name="remove" time="0.368" classname="com.softserve.manager.test.BookTest"/>
  <testcase name="update" time="0.244" classname="com.softserve.manager.test.BookTest"/>
</testsuite> <!-- Default test -->
