<?xml version="1.0" encoding="UTF-8"?>
<!-- Generated by org.testng.reporters.JUnitXMLReporter -->
<testsuite hostname="HEMSEY" name="Nopackage" tests="7" failures="0" timestamp="26 Feb 2016 13:22:00 GMT" time="36.186" errors="0">
  <testcase name="remove" time="1.189" classname="com.softserve.manager.test.AuthorTest"/>
  <testcase name="update" time="0.33" classname="com.softserve.manager.test.AuthorTest"/>
  <testcase name="create" time="0.995" classname="com.softserve.manager.test.BookTest"/>
  <testcase name="remove" time="0.361" classname="com.softserve.manager.test.BookTest"/>
  <testcase name="update" time="0.254" classname="com.softserve.manager.test.BookTest"/>
  <testcase name="remove" time="0.659" classname="com.softserve.manager.test.ReviewTest"/>
  <testcase name="update" time="0.252" classname="com.softserve.manager.test.ReviewTest"/>
</testsuite> <!-- Nopackage -->
